<?xml version="1.0" encoding="UTF-8"?>
<testsuite xmlns:xsi="http://www.w3.org/2001/XMLSchema-instance" xsi:noNamespaceSchemaLocation="https://maven.apache.org/surefire/maven-surefire-plugin/xsd/surefire-test-report.xsd" version="3.0.2" name="TestSuite" time="44.555" tests="2" errors="0" skipped="0" failures="1">
  <properties>
[...]
</properties>
  <testcase name="testUploadFileWithRobotClass" classname="Bai35_Handle_Uploadfile.UploadFile" time="19.415">
    <failure message="Timeout waiting for the element ready to click. By.xpath: //div[@id=&apos;file_select_button&apos;]//input[@id=&apos;file_upload&apos;]" type="java.lang.AssertionError"><![CDATA[java.lang.AssertionError: Timeout waiting for the element ready to click. By.xpath: //div[@id='file_select_button']//input[@id='file_upload']
	at org.testng.Assert.fail(Assert.java:111)
	at Keyword.WebUI.waitForElementClickable(WebUI.java:81)
	at Keyword.WebUI.clickElement(WebUI.java:211)
	at Keyword.WebUI.uploadFileWithRobotClass(WebUI.java:482)
	at Bai35_Handle_Uploadfile.UploadFile.testUploadFileWithRobotClass(UploadFile.java:37)
	at java.base/jdk.internal.reflect.DirectMethodHandleAccessor.invoke(DirectMethodHandleAccessor.java:104)
	at java.base/java.lang.reflect.Method.invoke(Method.java:578)
	at org.testng.internal.invokers.MethodInvocationHelper.invokeMethod(MethodInvocationHelper.java:141)
	at org.testng.internal.invokers.TestInvoker.invokeMethod(TestInvoker.java:686)
	at org.testng.internal.invokers.TestInvoker.invokeTestMethod(TestInvoker.java:230)
	at org.testng.internal.invokers.MethodRunner.runInSequence(MethodRunner.java:63)
	at org.testng.internal.invokers.TestInvoker$MethodInvocationAgent.invoke(TestInvoker.java:992)
	at org.testng.internal.invokers.TestInvoker.invokeTestMethods(TestInvoker.java:203)
	at org.testng.internal.invokers.TestMethodWorker.invokeTestMethods(TestMethodWorker.java:154)
	at org.testng.internal.invokers.TestMethodWorker.run(TestMethodWorker.java:134)
	at java.base/java.util.ArrayList.forEach(ArrayList.java:1511)
	at org.testng.TestRunner.privateRun(TestRunner.java:739)
	at org.testng.TestRunner.run(TestRunner.java:614)
	at org.testng.SuiteRunner.runTest(SuiteRunner.java:421)
	at org.testng.SuiteRunner.runSequentially(SuiteRunner.java:413)
	at org.testng.SuiteRunner.privateRun(SuiteRunner.java:373)
	at org.testng.SuiteRunner.run(SuiteRunner.java:312)
	at org.testng.SuiteRunnerWorker.runSuite(SuiteRunnerWorker.java:52)
	at org.testng.SuiteRunnerWorker.run(SuiteRunnerWorker.java:95)
	at org.testng.TestNG.runSuitesSequentially(TestNG.java:1274)
	at org.testng.TestNG.runSuitesLocally(TestNG.java:1208)
	at org.testng.TestNG.runSuites(TestNG.java:1112)
	at org.testng.TestNG.run(TestNG.java:1079)
	at org.apache.maven.surefire.testng.TestNGExecutor.run(TestNGExecutor.java:308)
	at org.apache.maven.surefire.testng.TestNGXmlTestSuite.execute(TestNGXmlTestSuite.java:71)
	at org.apache.maven.surefire.testng.TestNGProvider.invoke(TestNGProvider.java:113)
	at org.apache.maven.surefire.booter.ForkedBooter.runSuitesInProcess(ForkedBooter.java:385)
	at org.apache.maven.surefire.booter.ForkedBooter.execute(ForkedBooter.java:162)
	at org.apache.maven.surefire.booter.ForkedBooter.run(ForkedBooter.java:507)
	at org.apache.maven.surefire.booter.ForkedBooter.main(ForkedBooter.java:495)
]]></failure>
    <system-out><![CDATA[[INFO] 30-05-2025 07:40:06 [main] LogUtils - Setup môi trường: Fri May 30 07:40:05 ICT 2025
Khởi chạy trình duyệt Edge...
[INFO] 30-05-2025 07:40:09 [main] LogUtils - Bắt đầu chạy TC: testUploadFileWithRobotClass
[INFO] 30-05-2025 07:40:17 [main] LogUtils - Open URL:  https://files.fm/
[INFO] 30-05-2025 07:40:30 [main] LogUtils - Timeout waiting for the element ready to click. By.xpath: //div[@id='file_select_button']//input[@id='file_upload']
]]></system-out>
  </testcase>
  <testcase name="testUploadFileWithSendKeys" classname="Bai35_Handle_Uploadfile.UploadFile" time="8.431">
    <system-out><![CDATA[[ERROR] 30-05-2025 07:40:30 [main] LogUtils - Đây là test case bị fail: testUploadFileWithRobotClass
[ERROR] 30-05-2025 07:40:30 [main] LogUtils - java.lang.AssertionError: Timeout waiting for the element ready to click. By.xpath: //div[@id='file_select_button']//input[@id='file_upload']
Screenshot taken: testUploadFileWithRobotClass
Screenshot taken current URL: https://files.fm/
Khởi chạy trình duyệt Edge...
[INFO] 30-05-2025 07:40:36 [main] LogUtils - Bắt đầu chạy TC: testUploadFileWithSendKeys
[INFO] 30-05-2025 07:40:40 [main] LogUtils - Open URL:  https://the-internet.herokuapp.com/upload
[INFO] 30-05-2025 07:40:43 [main] LogUtils - Set text D:\Git_JavaBasic\Selenium_TestNG_Parallel\src\test\resources\Datatest\anh1.png on element By.xpath: //input[@id='file-upload']
]]></system-out>
    <system-err><![CDATA[[main] ERROR io.qameta.allure.AllureLifecycle - Could not add attachment: no test is running
[main] ERROR io.qameta.allure.AllureLifecycle - Could not add attachment: no test is running
]]></system-err>
  </testcase>
</testsuite>