<?xml version="1.0" encoding="UTF-8"?>
<!-- Generated by org.testng.reporters.JUnitXMLReporter -->
<testsuite ignored="0" hostname="LAPTOP-C2EQQJ54" failures="1" tests="2" name="Customer test withh Chrome" time="42.688" errors="0" timestamp="2025-05-30T07:40:48 ICT">
  <testcase classname="Bai35_Handle_Uploadfile.UploadFile" name="testUploadFileWithRobotClass" time="20.301">
    <failure type="java.lang.AssertionError" message="Timeout waiting for the element ready to click. By.xpath: //div[@id=&amp;apos;file_select_button&amp;apos;]//input[@id=&amp;apos;file_upload&amp;apos;]">
      <![CDATA[java.lang.AssertionError: Timeout waiting for the element ready to click. By.xpath: //div[@id='file_select_button']//input[@id='file_upload']
at Keyword.WebUI.waitForElementClickable(WebUI.java:81)
at Keyword.WebUI.clickElement(WebUI.java:211)
at Keyword.WebUI.uploadFileWithRobotClass(WebUI.java:482)
at Bai35_Handle_Uploadfile.UploadFile.testUploadFileWithRobotClass(UploadFile.java:37)
at java.base/java.util.ArrayList.forEach(ArrayList.java:1511)
... Removed 30 stack frames]]>
    </failure>
  </testcase> <!-- testUploadFileWithRobotClass -->
  <testcase classname="Bai35_Handle_Uploadfile.UploadFile" name="testUploadFileWithSendKeys" time="8.447"/>
</testsuite> <!-- Customer test withh Chrome -->
